0 info it worked if it ends with ok
1 verbose cli [ '/usr/local/bin/node',
1 verbose cli   '/usr/local/bin/npm',
1 verbose cli   'run',
1 verbose cli   'watch-client' ]
2 info using npm@3.10.10
3 info using node@v6.9.5
4 verbose run-script [ 'prewatch-client', 'watch-client', 'postwatch-client' ]
5 info lifecycle tiki-mobile-web@1.0.0~prewatch-client: tiki-mobile-web@1.0.0
6 silly lifecycle tiki-mobile-web@1.0.0~prewatch-client: no script for prewatch-client, continuing
7 info lifecycle tiki-mobile-web@1.0.0~watch-client: tiki-mobile-web@1.0.0
8 verbose lifecycle tiki-mobile-web@1.0.0~watch-client: unsafe-perm in lifecycle true
9 verbose lifecycle tiki-mobile-web@1.0.0~watch-client: PATH: /usr/local/lib/node_modules/npm/bin/node-gyp-bin:/Users/admin/vu/bit repo/redux-universal/node_modules/.bin:/usr/local/bin:/usr/bin:/bin:/usr/sbin:/sbin
10 verbose lifecycle tiki-mobile-web@1.0.0~watch-client: CWD: /Users/admin/vu/bit repo/redux-universal
11 silly lifecycle tiki-mobile-web@1.0.0~watch-client: Args: [ '-c', 'webpack -d --watch --color --config webpack.babel.js' ]
12 silly lifecycle tiki-mobile-web@1.0.0~watch-client: Returned: code: 1  signal: null
13 info lifecycle tiki-mobile-web@1.0.0~watch-client: Failed to exec watch-client script
14 verbose stack Error: tiki-mobile-web@1.0.0 watch-client: `webpack -d --watch --color --config webpack.babel.js`
14 verbose stack Exit status 1
14 verbose stack     at EventEmitter.<anonymous> (/usr/local/lib/node_modules/npm/lib/utils/lifecycle.js:255:16)
14 verbose stack     at emitTwo (events.js:106:13)
14 verbose stack     at EventEmitter.emit (events.js:191:7)
14 verbose stack     at ChildProcess.<anonymous> (/usr/local/lib/node_modules/npm/lib/utils/spawn.js:40:14)
14 verbose stack     at emitTwo (events.js:106:13)
14 verbose stack     at ChildProcess.emit (events.js:191:7)
14 verbose stack     at maybeClose (internal/child_process.js:877:16)
14 verbose stack     at Process.ChildProcess._handle.onexit (internal/child_process.js:226:5)
15 verbose pkgid tiki-mobile-web@1.0.0
16 verbose cwd /Users/admin/vu/bit repo/redux-universal
17 error Darwin 15.6.0
18 error argv "/usr/local/bin/node" "/usr/local/bin/npm" "run" "watch-client"
19 error node v6.9.5
20 error npm  v3.10.10
21 error code ELIFECYCLE
22 error tiki-mobile-web@1.0.0 watch-client: `webpack -d --watch --color --config webpack.babel.js`
22 error Exit status 1
23 error Failed at the tiki-mobile-web@1.0.0 watch-client script 'webpack -d --watch --color --config webpack.babel.js'.
23 error Make sure you have the latest version of node.js and npm installed.
23 error If you do, this is most likely a problem with the tiki-mobile-web package,
23 error not with npm itself.
23 error Tell the author that this fails on your system:
23 error     webpack -d --watch --color --config webpack.babel.js
23 error You can get information on how to open an issue for this project with:
23 error     npm bugs tiki-mobile-web
23 error Or if that isn't available, you can get their info via:
23 error     npm owner ls tiki-mobile-web
23 error There is likely additional logging output above.
24 verbose exit [ 1, true ]
